<?xml version="1.0" encoding="UTF-8"?>
<testng-results skipped="0" failed="0" ignored="0" total="1" passed="1">
  <reporter-output>
  </reporter-output>
  <suite name="Default suite" duration-ms="12628" started-at="2019-10-15T22:03:26 IST" finished-at="2019-10-15T22:03:39 IST">
    <groups>
    </groups>
    <test name="Default test" duration-ms="12628" started-at="2019-10-15T22:03:26 IST" finished-at="2019-10-15T22:03:39 IST">
      <class name="testcases.TestCase1">
        <test-method status="PASS" signature="testCityTemprature()[pri:0, instance:testcases.TestCase1@3a5ed7a6]" name="testCityTemprature" duration-ms="12380" started-at="2019-10-15T22:03:26 IST" finished-at="2019-10-15T22:03:39 IST">
          <reporter-output>
          </reporter-output>
        </test-method> <!-- testCityTemprature -->
      </class> <!-- testcases.TestCase1 -->
    </test> <!-- Default test -->
  </suite> <!-- Default suite -->
</testng-results>
